    Checking rand_chacha v0.3.1
    Checking rand_chacha v0.9.0
    Checking tokio-util v0.7.18
    Checking rand v0.8.5
    Checking tokio-rustls v0.26.4
    Checking proptest v1.11.0
    Checking async-compression v0.4.42
    Checking h2 v0.4.14
    Checking wafrift-types v0.3.0 (/media/mukund-thiru/SanthData/Santh/software/wafrift/crates/types)
    Checking tower v0.5.3
    Checking tower-http v0.6.10
    Checking hickory-net v0.26.1
    Checking deadpool v0.12.3
    Checking hickory-resolver v0.26.1
    Checking wafrift-encoding v0.3.0 (/media/mukund-thiru/SanthData/Santh/software/wafrift/crates/encoding)
    Checking hyper v1.9.0
    Checking rand_chacha v0.10.0
    Checking mctrust v0.4.0
    Checking hyper-util v0.1.20
    Checking wafrift-fingerprint v0.3.0 (/media/mukund-thiru/SanthData/Santh/software/wafrift/crates/fingerprint)
    Checking wafrift-smuggling v0.3.0 (/media/mukund-thiru/SanthData/Santh/software/wafrift/crates/smuggling)
    Checking wafrift-content-type v0.3.0 (/media/mukund-thiru/SanthData/Santh/software/wafrift/crates/content-type)
    Checking wafrift-http3-evasion v0.3.0 (/media/mukund-thiru/SanthData/Santh/software/wafrift/crates/http3-evasion)
    Checking ciborium-ll v0.2.2
    Checking wafrift-wafmodel v0.3.0 (/media/mukund-thiru/SanthData/Santh/software/wafrift/crates/wafmodel)
    Checking ciborium v0.2.2
    Checking hyper-rustls v0.27.9
    Checking reqwest v0.12.28
    Checking wiremock v0.6.5
    Checking tinytemplate v1.2.1
    Checking criterion v0.5.1
    Checking tokio-stream v0.1.18
    Checking tokio-test v0.4.5
    Checking wafrift-pool v0.3.0 (/media/mukund-thiru/SanthData/Santh/software/wafrift/crates/pool)
    Checking wafrift-recon v0.3.0 (/media/mukund-thiru/SanthData/Santh/software/wafrift/crates/recon)
    Checking wafrift-strategy v0.3.0 (/media/mukund-thiru/SanthData/Santh/software/wafrift/crates/strategy)
    Checking wafrift-transport v0.3.0 (/media/mukund-thiru/SanthData/Santh/software/wafrift/crates/transport)
    Checking wafrift-core v0.3.0 (/media/mukund-thiru/SanthData/Santh/software/wafrift/crates/core)
    Checking wafrift-cli v0.3.0 (/media/mukund-thiru/SanthData/Santh/software/wafrift/crates/cli)
    Finished `dev` profile [unoptimized + debuginfo] target(s) in 13.97s
CLIPPY_EXIT=0
