=== Thu May 28 04:40:10 PM UTC 2026 build290 start ===
=== BUILD wafrift-cli ===
   |
14 | pub struct RequestSeed {
   | ^^^^^^^^^^^^^^^^^^^^^^

warning: missing documentation for a struct field
  --> /media/mukund-thiru/SanthData/Santh/libs/offensive/pocgen/src/request.rs:15:5
   |
15 |     pub url: String,
   |     ^^^^^^^^^^^^^^^

warning: missing documentation for a struct field
  --> /media/mukund-thiru/SanthData/Santh/libs/offensive/pocgen/src/request.rs:16:5
   |
16 |     pub method: String,
   |     ^^^^^^^^^^^^^^^^^^

warning: missing documentation for a struct field
  --> /media/mukund-thiru/SanthData/Santh/libs/offensive/pocgen/src/request.rs:17:5
   |
17 |     pub headers: HeaderMap,
   |     ^^^^^^^^^^^^^^^^^^^^^^

warning: missing documentation for a struct field
  --> /media/mukund-thiru/SanthData/Santh/libs/offensive/pocgen/src/request.rs:18:5
   |
18 |     pub body: Option<Vec<u8>>,
   |     ^^^^^^^^^^^^^^^^^^^^^^^^^

warning: missing documentation for a module
 --> /media/mukund-thiru/SanthData/Santh/libs/offensive/pocgen/src/utils/mod.rs:1:1
  |
1 | pub mod url;
  | ^^^^^^^^^^^

warning: `pocgen` (lib) generated 25 warnings
   Compiling wafrift-strategy v0.3.0 (/media/mukund-thiru/SanthData/Santh/software/wafrift/crates/strategy)
   Compiling wafrift-transport v0.3.0 (/media/mukund-thiru/SanthData/Santh/software/wafrift/crates/transport)
   Compiling wafrift-core v0.3.0 (/media/mukund-thiru/SanthData/Santh/software/wafrift/crates/core)
   Compiling wafrift-cli v0.3.0 (/media/mukund-thiru/SanthData/Santh/software/wafrift/crates/cli)
    Finished `dev` profile [unoptimized + debuginfo] target(s) in 19.01s
=== TEST wafrift-evolution + wafrift-grammar (lib) ===
test grammar::unicode_norm::tests::mutate_empty_payload_returns_empty ... ok
test grammar::unicode_norm::tests::mutate_all_variants_differ_from_input ... ok
test grammar::unicode_norm::tests::mutate_no_alpha_returns_empty ... ok
test grammar::unicode_norm::tests::mutate_returns_all_four_transforms_for_alpha_payload ... ok
test grammar::unicode_norm::tests::nfkc_fold_ascii_folds_all_supported_ranges ... ok
test grammar::tests::state_persists_across_calls ... ok
test grammar::unicode_norm::tests::reachable_keywords_case_insensitive ... ok
test grammar::tests::mutate_zero_max_returns_empty ... ok
test grammar::unicode_norm::tests::reachable_keywords_empty_on_no_match ... ok
test grammar::unicode_norm::tests::reachable_keywords_finds_alert_in_fullwidth ... ok
test grammar::unicode_norm::tests::fullwidth_respects_max_payload_bytes ... ok
test grammar::unicode_norm::tests::nfkc_fold_ascii_identity_on_ascii ... ok
test grammar::tests::unknown_tries_all_types ... ok
test grammar::tests::stateless_and_stateful_produce_same_type_contract ... ok
test grammar::xss::tests::no_mutations_for_non_xss ... ok
test grammar::xss::tests::max_mutations_respected ... ok
test grammar::tests::mutate_auto_classifies ... ok
test grammar::tests::mutate_as_with_state_produces_xss_variants ... ok
test grammar::tests::mutate_xss_payload_contains_executable_form ... ok
test grammar::tests::xss_mutations_include_cfg_convergence_variants ... ok
test grammar::tests::feedback_xss_bypass_does_not_panic ... ok
test grammar::tests::mutate_idempotence_sql ... ok
test grammar::tests::mutate_streaming_respects_max_count ... ok
test grammar::xss::tests::tag_event_mutations_produced ... ok
test grammar::xss::tests::scald_surface_mutate_request_xss_is_strong_and_sound ... ok
test grammar::xss::tests::systematic_actually_evades_the_literal_token ... ok
test grammar::xss::tests::systematic_is_deterministic ... ok
test grammar::tests::mutate_idempotence_xss ... ok
test grammar::xss::tests::exec_function_rotation ... ok
test grammar::xss::tests::svg_animate_variant ... ok
test grammar::xss::tests::uri_scheme_variants ... ok
test grammar::xss::tests::mutation_xss_variant ... ok
test grammar::xss::tests::dom_clobber_variant ... ok
test grammar::xss::tests::systematic_anti_rig_non_xss_yields_nothing ... ok
test grammar::xss::tests::polyglot_variant ... ok
test grammar::xss::tests::mathml_variant ... ok
test grammar::equiv::log4shell::tests::deterministic_diverse_and_all_sound ... ok
test grammar::xss::tests::srcdoc_smuggle_variant ... ok
test grammar::xss::tests::markdown_variant ... ok
test grammar::xss::tests::systematic_every_variant_is_oracle_sound ... ok
test grammar::equiv::ssrf::tests::every_member_verifies_and_classes_appear ... ok
test grammar::equiv::nosql::tests::deterministic_diverse_and_all_sound ... ok
test grammar::equiv::ldap::tests::generator_emits_the_new_sound_classes_and_all_verify ... ok
test grammar::xss::tests::high_volume_does_not_panic ... ok
test grammar::tests::high_volume_does_not_panic ... ok
test grammar::unicode_norm::tests::mutate_size_gate_exact_boundary ... ok
test grammar::equiv::xxe::tests::deterministic_diverse_and_all_sound ... ok

test result: ok. 592 passed; 0 failed; 0 ignored; 0 measured; 0 filtered out; finished in 0.13s

=== TEST wafrift-cli (lib) ===
error: no library targets found in package `wafrift-cli`
=== COMPILE wafrift-cli integration tests (--no-run) ===
  Executable tests/method_diff_e2e.rs (/mnt/FlareTraining/santh-archive/cargo-target/debug/deps/method_diff_e2e-2edd7f35547feb12)
  Executable tests/mock_waf_e2e.rs (/mnt/FlareTraining/santh-archive/cargo-target/debug/deps/mock_waf_e2e-a215467d145e4f36)
  Executable tests/model_evade_e2e.rs (/mnt/FlareTraining/santh-archive/cargo-target/debug/deps/model_evade_e2e-c4074eee36795dc0)
  Executable tests/modsec_local.rs (/mnt/FlareTraining/santh-archive/cargo-target/debug/deps/modsec_local-99278f93f3c68617)
  Executable tests/network_cmds_help_e2e.rs (/mnt/FlareTraining/santh-archive/cargo-target/debug/deps/network_cmds_help_e2e-f5a3fabff58bbd73)
  Executable tests/offline_cmds_e2e.rs (/mnt/FlareTraining/santh-archive/cargo-target/debug/deps/offline_cmds_e2e-1bb3d8c625003d1c)
  Executable tests/parser_diff_e2e.rs (/mnt/FlareTraining/santh-archive/cargo-target/debug/deps/parser_diff_e2e-db88b1728b35e796)
  Executable tests/probe_e2e.rs (/mnt/FlareTraining/santh-archive/cargo-target/debug/deps/probe_e2e-e886fecbcb1656de)
  Executable tests/query_diff_e2e.rs (/mnt/FlareTraining/santh-archive/cargo-target/debug/deps/query_diff_e2e-86c0c601105d9e91)
  Executable tests/raw_request_e2e.rs (/mnt/FlareTraining/santh-archive/cargo-target/debug/deps/raw_request_e2e-21ac15750d87bb56)
  Executable tests/replay_e2e.rs (/mnt/FlareTraining/santh-archive/cargo-target/debug/deps/replay_e2e-8f7eb3039d16826c)
  Executable tests/scan_e2e.rs (/mnt/FlareTraining/santh-archive/cargo-target/debug/deps/scan_e2e-1969b67646834cbc)
  Executable tests/sigpipe_does_not_panic.rs (/mnt/FlareTraining/santh-archive/cargo-target/debug/deps/sigpipe_does_not_panic-ff081d49e483b844)
  Executable tests/smuggle_chain_e2e.rs (/mnt/FlareTraining/santh-archive/cargo-target/debug/deps/smuggle_chain_e2e-30634a913aeccde2)
  Executable tests/smuggle_cross_product_e2e.rs (/mnt/FlareTraining/santh-archive/cargo-target/debug/deps/smuggle_cross_product_e2e-55c905249c00f5e0)
  Executable tests/smuggle_e2e.rs (/mnt/FlareTraining/santh-archive/cargo-target/debug/deps/smuggle_e2e-70224910f67ef316)
  Executable tests/smuggle_emit_e2e.rs (/mnt/FlareTraining/santh-archive/cargo-target/debug/deps/smuggle_emit_e2e-0243b3714e09e79f)
  Executable tests/smuggle_fire_e2e.rs (/mnt/FlareTraining/santh-archive/cargo-target/debug/deps/smuggle_fire_e2e-f6e835762c890a2d)
  Executable tests/smuggle_stats_e2e.rs (/mnt/FlareTraining/santh-archive/cargo-target/debug/deps/smuggle_stats_e2e-536f2736def84735)
  Executable tests/techniques_e2e.rs (/mnt/FlareTraining/santh-archive/cargo-target/debug/deps/techniques_e2e-ac9f1bc8d9a789d8)
  Executable tests/tmin_e2e.rs (/mnt/FlareTraining/santh-archive/cargo-target/debug/deps/tmin_e2e-b35643457b30888f)
  Executable tests/trailer_diff_e2e.rs (/mnt/FlareTraining/santh-archive/cargo-target/debug/deps/trailer_diff_e2e-9a5ceb570bd42f0f)
  Executable tests/trailer_diff_https_no_panic.rs (/mnt/FlareTraining/santh-archive/cargo-target/debug/deps/trailer_diff_https_no_panic-cfb92cb92a154a3d)
  Executable tests/version_flag.rs (/mnt/FlareTraining/santh-archive/cargo-target/debug/deps/version_flag-b259b1070a8c2203)
  Executable tests/wafmodel_e2e.rs (/mnt/FlareTraining/santh-archive/cargo-target/debug/deps/wafmodel_e2e-4b18e19c5f04c91b)
RESULT BUILD=0 TEST_EVO_GRAMMAR=0 TEST_CLI_LIB=101 COMPILE_INT=0
STATUS=FAIL
=== Thu May 28 04:41:14 PM UTC 2026 build290 done ===
