===CLIPPY-ALLTARGETS===
    Checking wafrift-content-type v0.3.0 (/media/mukund-thiru/SanthData/Santh/software/wafrift/crates/content-type)
    Checking wafrift-fingerprint v0.3.0 (/media/mukund-thiru/SanthData/Santh/software/wafrift/crates/fingerprint)
    Checking wafrift-smuggling v0.3.0 (/media/mukund-thiru/SanthData/Santh/software/wafrift/crates/smuggling)
    Checking wafrift-pool v0.3.0 (/media/mukund-thiru/SanthData/Santh/software/wafrift/crates/pool)
    Checking wafrift-recon v0.3.0 (/media/mukund-thiru/SanthData/Santh/software/wafrift/crates/recon)
    Checking wafrift-http3-evasion v0.3.0 (/media/mukund-thiru/SanthData/Santh/software/wafrift/crates/http3-evasion)
    Checking wiremock v0.6.5
    Checking wafrift-wafmodel v0.3.0 (/media/mukund-thiru/SanthData/Santh/software/wafrift/crates/wafmodel)
    Checking wafrift-oracle v0.3.0 (/media/mukund-thiru/SanthData/Santh/software/wafrift/crates/oracle)
    Checking wafrift-evolution v0.3.0 (/media/mukund-thiru/SanthData/Santh/software/wafrift/crates/evolution)
    Checking wafrift-strategy v0.3.0 (/media/mukund-thiru/SanthData/Santh/software/wafrift/crates/strategy)
    Checking wafrift-transport v0.3.0 (/media/mukund-thiru/SanthData/Santh/software/wafrift/crates/transport)
    Checking wafrift-core v0.3.0 (/media/mukund-thiru/SanthData/Santh/software/wafrift/crates/core)
    Checking wafrift-cli v0.3.0 (/media/mukund-thiru/SanthData/Santh/software/wafrift/crates/cli)
    Finished `dev` profile [unoptimized + debuginfo] target(s) in 11.74s
CLIPPY=0
===MOCK-E2E===
test mock_modsec_gzip_wrapped_sqli_body_is_still_blocked ... ok
test mock_modsec_brotli_wrapped_sqli_body_bypasses ... ok
test parser_diff_against_admin_path_completes_no_panic ... ok
test harvest_writes_verified_report_for_corpus_bypass ... ok
test harvest_faithful_delivery_reproduces_where_blind_fallback_fails ... FAILED
test callback_substitution_round_trip_against_mock_listener ... ok

failures:

---- harvest_faithful_delivery_reproduces_where_blind_fallback_fails stdout ----

thread 'harvest_faithful_delivery_reproduces_where_blind_fallback_fails' (1677226) panicked at crates/cli/tests/mock_waf_e2e.rs:793:5:
assertion `left == right` failed: the blind fallback cannot reproduce a header-only bypass — this is exactly the gap #290 closes
  left: 1
 right: 0
note: run with `RUST_BACKTRACE=1` environment variable to display a backtrace


failures:
    harvest_faithful_delivery_reproduces_where_blind_fallback_fails

test result: FAILED. 32 passed; 1 failed; 0 ignored; 0 measured; 0 filtered out; finished in 0.20s

error: test failed, to rerun pass `-p wafrift-cli --test mock_waf_e2e`
M=101
